Using pre-set license
Built from '2020.3/staging' branch; Version is '2020.3.26f1 (7298b473bc1a) revision 7510196'; Using compiler version '192528614'; Build Type 'Release'
OS: 'Windows 11  (10.0.22000) 64bit Professional' Language: 'ko' Physical Memory: 32555 MB
BatchMode: 1, IsHumanControllingUs: 0, StartBugReporterOnCrash: 0, Is64bit: 1, IsPro: 0

COMMAND LINE ARGUMENTS:
C:\Program Files\Unity\Hub\Editor\2020.3.26f1\Editor\Unity.exe
-adb2
-batchMode
-noUpm
-name
AssetImportWorker0
-projectPath
D:/UnityProjects/GyroGUN3D/template_project
-logFile
Logs/AssetImportWorker0.log
-srvPort
62811
Successfully changed project path to: D:/UnityProjects/GyroGUN3D/template_project
D:/UnityProjects/GyroGUN3D/template_project
Using Asset Import Pipeline V2.
Refreshing native plugins compatible for Editor in 25.55 ms, found 2 plugins.
Preloading 0 native plugins for Editor in 0.00 ms.
Initialize engine version: 2020.3.26f1 (7298b473bc1a)
[Subsystems] Discovering subsystems at path C:/Program Files/Unity/Hub/Editor/2020.3.26f1/Editor/Data/Resources/UnitySubsystems
[Subsystems] Discovering subsystems at path D:/UnityProjects/GyroGUN3D/template_project/Assets
GfxDevice: creating device client; threaded=0
Direct3D:
    Version:  Direct3D 11.0 [level 11.1]
    Renderer: NVIDIA GeForce GTX 1080 (ID=0x1b80)
    Vendor:   
    VRAM:     8079 MB
    Driver:   30.0.15.1277
Shader 'WFX/Transparent Specular': fallback shader 'Particles/Alpha Blended' not found
Shader 'WFX/Transparent Diffuse': fallback shader 'Particles/Alpha Blended' not found
Initialize mono
Mono path[0] = 'C:/Program Files/Unity/Hub/Editor/2020.3.26f1/Editor/Data/Managed'
Mono path[1] = 'C:/Program Files/Unity/Hub/Editor/2020.3.26f1/Editor/Data/MonoBleedingEdge/lib/mono/unityjit'
Mono config path = 'C:/Program Files/Unity/Hub/Editor/2020.3.26f1/Editor/Data/MonoBleedingEdge/etc'
Using monoOptions --debugger-agent=transport=dt_socket,embedding=1,server=y,suspend=n,address=127.0.0.1:56812
Begin MonoManager ReloadAssembly
Registering precompiled unity dll's ...
Register platform support module: C:/Program Files/Unity/Hub/Editor/2020.3.26f1/Editor/Data/PlaybackEngines/WindowsStandaloneSupport/UnityEditor.WindowsStandalone.Extensions.dll
Registered in 0.000708 seconds.
Native extension for WindowsStandalone target not found
Refreshing native plugins compatible for Editor in 24.23 ms, found 2 plugins.
Preloading 0 native plugins for Editor in 0.00 ms.
Mono: successfully reloaded assembly
- Completed reload, in  0.403 seconds
Domain Reload Profiling:
	ReloadAssembly (403ms)
		BeginReloadAssembly (35ms)
			ExecutionOrderSort (0ms)
			DisableScriptedObjects (0ms)
			BackupInstance (0ms)
			ReleaseScriptingObjects (0ms)
			CreateAndSetChildDomain (1ms)
		EndReloadAssembly (318ms)
			LoadAssemblies (34ms)
			RebuildTransferFunctionScriptingTraits (0ms)
			SetupTypeCache (140ms)
			ReleaseScriptCaches (0ms)
			RebuildScriptCaches (16ms)
			SetupLoadedEditorAssemblies (101ms)
				LogAssemblyErrors (0ms)
				InitializePlatformSupportModulesInManaged (3ms)
				SetLoadedEditorAssemblies (0ms)
				RefreshPlugins (24ms)
				BeforeProcessingInitializeOnLoad (8ms)
				ProcessInitializeOnLoadAttributes (49ms)
				ProcessInitializeOnLoadMethodAttributes (17ms)
				AfterProcessingInitializeOnLoad (0ms)
				EditorAssembliesLoaded (0ms)
			ExecutionOrderSort2 (0ms)
			AwakeInstancesAfterBackupRestoration (0ms)
Platform modules already initialized, skipping
Registering precompiled user dll's ...
Registered in 0.001413 seconds.
Begin MonoManager ReloadAssembly
Native extension for WindowsStandalone target not found
Refreshing native plugins compatible for Editor in 0.28 ms, found 2 plugins.
Preloading 0 native plugins for Editor in 0.00 ms.
Mono: successfully reloaded assembly
- Completed reload, in  0.542 seconds
Domain Reload Profiling:
	ReloadAssembly (542ms)
		BeginReloadAssembly (75ms)
			ExecutionOrderSort (0ms)
			DisableScriptedObjects (3ms)
			BackupInstance (0ms)
			ReleaseScriptingObjects (0ms)
			CreateAndSetChildDomain (11ms)
		EndReloadAssembly (435ms)
			LoadAssemblies (47ms)
			RebuildTransferFunctionScriptingTraits (0ms)
			SetupTypeCache (151ms)
			ReleaseScriptCaches (0ms)
			RebuildScriptCaches (21ms)
			SetupLoadedEditorAssemblies (164ms)
				LogAssemblyErrors (0ms)
				InitializePlatformSupportModulesInManaged (3ms)
				SetLoadedEditorAssemblies (0ms)
				RefreshPlugins (0ms)
				BeforeProcessingInitializeOnLoad (45ms)
				ProcessInitializeOnLoadAttributes (108ms)
				ProcessInitializeOnLoadMethodAttributes (5ms)
				AfterProcessingInitializeOnLoad (2ms)
				EditorAssembliesLoaded (0ms)
			ExecutionOrderSort2 (0ms)
			AwakeInstancesAfterBackupRestoration (3ms)
Platform modules already initialized, skipping
========================================================================
Worker process is ready to serve import requests
Shader 'WFX/Transparent Diffuse': fallback shader 'Particles/Alpha Blended' not found
Shader 'WFX/Transparent Specular': fallback shader 'Particles/Alpha Blended' not found
Launched and connected shader compiler UnityShaderCompiler.exe after 0.03 seconds
Refreshing native plugins compatible for Editor in 0.32 ms, found 2 plugins.
Preloading 0 native plugins for Editor in 0.00 ms.
Unloading 1547 Unused Serialized files (Serialized files now loaded: 0)
System memory in use before: 74.5 MB.
System memory in use after: 74.6 MB.

Unloading 21 unused Assets to reduce memory usage. Loaded Objects now: 1978.
Total: 1.746900 ms (FindLiveObjects: 0.079900 ms CreateObjectMapping: 0.022800 ms MarkObjects: 1.590300 ms  DeleteObjects: 0.053200 ms)

AssetImportParameters requested are different than current active one (requested -> active):
  custom:framework-win-MediaFoundation: 216162199b28c13a410421893ffa2e32 -> 
  custom:video-decoder-ogg-theora: a1e56fd34408186e4bbccfd4996cb3dc -> 
  custom:container-muxer-webm: aa71ff27fc2769a1b78a27578f13a17b -> 
  custom:container-demuxer-webm: 4f35f7cbe854078d1ac9338744f61a02 -> 
  custom:container-demuxer-ogg: 62fdf1f143b41e24485cea50d1cbac27 -> 
  custom:video-encoder-webm-vp8: eb34c28f22e8b96e1ab97ce403110664 -> 
  custom:video-decoder-webm-vp8: 9c59270c3fd7afecdb556c50c9e8de78 -> 
  custom:audio-decoder-ogg-vorbis: bf7c407c2cedff20999df2af8eb42d56 -> 
  custom:audio-encoder-webm-vorbis: bf7c407c2cedff20999df2af8eb42d56 -> 
========================================================================
Received Import Request.
  path: Assets/CannonMuzzleFlashEffect.prefab
  artifactKey: Guid(d5be7b1a148921f41bfe117cc157cb19) Importer(815301076,1909f56bfc062723c751e8b465ee728b)
Start importing Assets/CannonMuzzleFlashEffect.prefab using Guid(d5be7b1a148921f41bfe117cc157cb19) Importer(815301076,1909f56bfc062723c751e8b465ee728b)  -> (artifact id: '7a638b81b6aacab096d36d63ea8ea448') in 0.084384 seconds 
  Import took 0.086583 seconds .

========================================================================
Received Import Request.
  Time since last request: 0.000155 seconds.
  path: Assets/CannonMachine.prefab
  artifactKey: Guid(de8a39f2f54481d45adae0c7fb4fbcfc) Importer(815301076,1909f56bfc062723c751e8b465ee728b)
Start importing Assets/CannonMachine.prefab using Guid(de8a39f2f54481d45adae0c7fb4fbcfc) Importer(815301076,1909f56bfc062723c751e8b465ee728b)  -> (artifact id: 'd4e4e11e7551a8a92c35d33d6d524910') in 0.522405 seconds 
  Import took 0.529022 seconds .

========================================================================
Received Import Request.
  Time since last request: 0.000160 seconds.
  path: Assets/CrossHair.prefab
  artifactKey: Guid(58742174736e62e44a041deb3b34e055) Importer(815301076,1909f56bfc062723c751e8b465ee728b)
Start importing Assets/CrossHair.prefab using Guid(58742174736e62e44a041deb3b34e055) Importer(815301076,1909f56bfc062723c751e8b465ee728b)  -> (artifact id: '6282c07e5adb71f936eee0a06ccb3628') in 0.027641 seconds 
  Import took 0.029983 seconds .

========================================================================
Received Import Request.
  Time since last request: 0.000148 seconds.
  path: Assets/james-bond-1015612_640.jpg
  artifactKey: Guid(ad7fd2d5f6f47b3418e617564de452ce) Importer(815301076,1909f56bfc062723c751e8b465ee728b)
Start importing Assets/james-bond-1015612_640.jpg using Guid(ad7fd2d5f6f47b3418e617564de452ce) Importer(815301076,1909f56bfc062723c751e8b465ee728b)  -> (artifact id: '94fe61500e07ec2551167f80217d0454') in 0.025756 seconds 
  Import took 0.027454 seconds .

========================================================================
Received Import Request.
  Time since last request: 0.000135 seconds.
  path: Assets/gun-161223_1280.png
  artifactKey: Guid(6955748cdb3d13c41a9c58fdbf7dc55d) Importer(815301076,1909f56bfc062723c751e8b465ee728b)
Start importing Assets/gun-161223_1280.png using Guid(6955748cdb3d13c41a9c58fdbf7dc55d) Importer(815301076,1909f56bfc062723c751e8b465ee728b)  -> (artifact id: 'e9c06bd744f76271e010e867cb5aee73') in 0.016085 seconds 
  Import took 0.017780 seconds .

========================================================================
Received Import Request.
  Time since last request: 0.000139 seconds.
  path: Assets/CrossHairHit.prefab
  artifactKey: Guid(a74e7bdf7ac21ae4e9fdd331a4962364) Importer(815301076,1909f56bfc062723c751e8b465ee728b)
Start importing Assets/CrossHairHit.prefab using Guid(a74e7bdf7ac21ae4e9fdd331a4962364) Importer(815301076,1909f56bfc062723c751e8b465ee728b)  -> (artifact id: '6a5c64790c3515568264ad263d2ca320') in 0.013729 seconds 
  Import took 0.015867 seconds .

========================================================================
Received Import Request.
  Time since last request: 93.443277 seconds.
  path: Assets/MachineGunRobot.prefab
  artifactKey: Guid(63869bff067805d4ba9a927f9ec9d922) Importer(815301076,1909f56bfc062723c751e8b465ee728b)
Start importing Assets/MachineGunRobot.prefab using Guid(63869bff067805d4ba9a927f9ec9d922) Importer(815301076,1909f56bfc062723c751e8b465ee728b)  -> (artifact id: 'bc008b386a07baeea8e0346fcfbbd593') in 0.263220 seconds 
  Import took 0.269688 seconds .

========================================================================
Received Import Request.
  Time since last request: 0.000146 seconds.
  path: Assets/MuzzleFlashEffect.prefab
  artifactKey: Guid(5f235b0e380d8244d9e72f7331b01a26) Importer(815301076,1909f56bfc062723c751e8b465ee728b)
Start importing Assets/MuzzleFlashEffect.prefab using Guid(5f235b0e380d8244d9e72f7331b01a26) Importer(815301076,1909f56bfc062723c751e8b465ee728b)  -> (artifact id: '0cf696a74588e6d113bf998c38f3c91a') in 0.008300 seconds 
  Import took 0.010316 seconds .

========================================================================
Received Import Request.
  Time since last request: 0.000133 seconds.
  path: Assets/WFX_Nuke.prefab
  artifactKey: Guid(ee20f3e2eb4795d42b1bf1abb2c62ffd) Importer(815301076,1909f56bfc062723c751e8b465ee728b)
Start importing Assets/WFX_Nuke.prefab using Guid(ee20f3e2eb4795d42b1bf1abb2c62ffd) Importer(815301076,1909f56bfc062723c751e8b465ee728b)  -> (artifact id: 'b7e85e2c9704896664706d9a3862029d') in 0.010097 seconds 
  Import took 0.012069 seconds .

========================================================================
Received Import Request.
  Time since last request: 0.000139 seconds.
  path: Assets/wallpaperbetter.jpg
  artifactKey: Guid(0222e5bbe01b4c7489e3adc2c8f9297d) Importer(815301076,1909f56bfc062723c751e8b465ee728b)
Start importing Assets/wallpaperbetter.jpg using Guid(0222e5bbe01b4c7489e3adc2c8f9297d) Importer(815301076,1909f56bfc062723c751e8b465ee728b)  -> (artifact id: '819a23e386172d7985895a9a113ad883') in 0.009323 seconds 
  Import took 0.010885 seconds .

========================================================================
Received Import Request.
  Time since last request: 0.000128 seconds.
  path: Assets/WFX_Explosion Small.prefab
  artifactKey: Guid(5332791ebce075d4a9e56f4581e7fb47) Importer(815301076,1909f56bfc062723c751e8b465ee728b)
Start importing Assets/WFX_Explosion Small.prefab using Guid(5332791ebce075d4a9e56f4581e7fb47) Importer(815301076,1909f56bfc062723c751e8b465ee728b)  -> (artifact id: '283352742a63596fb10fd7c09d5f95ae') in 0.012306 seconds 
  Import took 0.014302 seconds .

========================================================================
Received Import Request.
  Time since last request: 24.538590 seconds.
  path: Assets/Scenes/MainScene.unity
  artifactKey: Guid(9fc0d4010bbf28b4594072e72b8655ab) Importer(815301076,1909f56bfc062723c751e8b465ee728b)
Start importing Assets/Scenes/MainScene.unity using Guid(9fc0d4010bbf28b4594072e72b8655ab) Importer(815301076,1909f56bfc062723c751e8b465ee728b)  -> (artifact id: 'cdd3c1d404434ae85f135ba3e837fe0b') in 0.004412 seconds 
  Import took 0.006034 seconds .

========================================================================
Received Import Request.
  Time since last request: 22.632738 seconds.
  path: Assets/SimpleShoot.cs
  artifactKey: Guid(6be84e4d7829855419c06b94e56bd135) Importer(815301076,1909f56bfc062723c751e8b465ee728b)
Start importing Assets/SimpleShoot.cs using Guid(6be84e4d7829855419c06b94e56bd135) Importer(815301076,1909f56bfc062723c751e8b465ee728b)  -> (artifact id: 'd431c37626bdae91fe1c1efa44e15c49') in 0.005672 seconds 
  Import took 0.007330 seconds .

========================================================================
Received Import Request.
  Time since last request: 19.747346 seconds.
  path: Assets/Gun/Effects/MuzzleFlash.prefab
  artifactKey: Guid(3dd9cf2e209c504448f1c4c6835675cf) Importer(815301076,1909f56bfc062723c751e8b465ee728b)
Start importing Assets/Gun/Effects/MuzzleFlash.prefab using Guid(3dd9cf2e209c504448f1c4c6835675cf) Importer(815301076,1909f56bfc062723c751e8b465ee728b)  -> (artifact id: '8b06fa0b53e8674cc527fe688493df43') in 0.051463 seconds 
  Import took 0.053291 seconds .

========================================================================
Received Import Request.
  Time since last request: 15.062830 seconds.
  path: Assets/Gun/Effects/MuzzleFlash_SpriteSheet.png
  artifactKey: Guid(6fc0c6421525c1844804ab1d17f1adda) Importer(815301076,1909f56bfc062723c751e8b465ee728b)
Start importing Assets/Gun/Effects/MuzzleFlash_SpriteSheet.png using Guid(6fc0c6421525c1844804ab1d17f1adda) Importer(815301076,1909f56bfc062723c751e8b465ee728b)  -> (artifact id: '78e07bddfc8df5dad8aa60f3bd50638c') in 0.006205 seconds 
  Import took 0.007885 seconds .

========================================================================
Received Import Request.
  Time since last request: 0.728550 seconds.
  path: Assets/Gun/Effects
  artifactKey: Guid(631af6a543f4bdd41bdb3b22798e6956) Importer(815301076,1909f56bfc062723c751e8b465ee728b)
Start importing Assets/Gun/Effects using Guid(631af6a543f4bdd41bdb3b22798e6956) Importer(815301076,1909f56bfc062723c751e8b465ee728b)  -> (artifact id: 'd786ab10bc62d9e68e8316f9a9f5bc9e') in 0.004399 seconds 
  Import took 0.006015 seconds .

========================================================================
Received Import Request.
  Time since last request: 33.819497 seconds.
  path: Assets/GeeKay3D
  artifactKey: Guid(4d827d370290f7b43b379b8f29bfb8cd) Importer(815301076,1909f56bfc062723c751e8b465ee728b)
Start importing Assets/GeeKay3D using Guid(4d827d370290f7b43b379b8f29bfb8cd) Importer(815301076,1909f56bfc062723c751e8b465ee728b)  -> (artifact id: 'ba6f99a0301f5def250bb6d0dd6d4f4d') in 0.003625 seconds 
  Import took 0.005569 seconds .

========================================================================
Received Import Request.
  Time since last request: 1.816356 seconds.
  path: Assets/GeeKay3D/First-Aid-Set
  artifactKey: Guid(dd80ebbbefadef4458460e48aa7dc47f) Importer(815301076,1909f56bfc062723c751e8b465ee728b)
Start importing Assets/GeeKay3D/First-Aid-Set using Guid(dd80ebbbefadef4458460e48aa7dc47f) Importer(815301076,1909f56bfc062723c751e8b465ee728b)  -> (artifact id: 'e6b5a311f603409dcaae8c701eebc362') in 0.003970 seconds 
  Import took 0.005658 seconds .

========================================================================
Received Import Request.
  Time since last request: 1.624986 seconds.
  path: Assets/EnemyRobots
  artifactKey: Guid(358f741588be58241a30e85a63e3d17c) Importer(815301076,1909f56bfc062723c751e8b465ee728b)
Start importing Assets/EnemyRobots using Guid(358f741588be58241a30e85a63e3d17c) Importer(815301076,1909f56bfc062723c751e8b465ee728b)  -> (artifact id: '59e81598dd575f9aa9cbb8c8d5831c89') in 0.003964 seconds 
  Import took 0.005596 seconds .

========================================================================
Received Import Request.
  Time since last request: 0.293061 seconds.
  path: Assets/DualCorStudios
  artifactKey: Guid(9f9abe0f39564904083da2dd6db7aa40) Importer(815301076,1909f56bfc062723c751e8b465ee728b)
Start importing Assets/DualCorStudios using Guid(9f9abe0f39564904083da2dd6db7aa40) Importer(815301076,1909f56bfc062723c751e8b465ee728b)  -> (artifact id: '2e53e4c0e8cdd9f6493c85853800d9b8') in 0.004145 seconds 
  Import took 0.005962 seconds .

AssetImportWorkerClient::OnTransportError - code=2 error=End of file
